
> color-stack@0.1.0 dev /Users/vicvinc/Desktop/codespace/color-stack-fe
> next dev

 ⚠ Warning: Next.js inferred your workspace root, but it may not be correct.
 We detected multiple lockfiles and selected the directory of /Users/vicvinc/pnpm-lock.yaml as the root directory.
 To silence this warning, set `outputFileTracingRoot` in your Next.js config, or consider removing one of the lockfiles if it's not needed.
   See https://nextjs.org/docs/app/api-reference/config/next-config-js/output#caveats for more information.
 Detected additional lockfiles: 
   * /Users/vicvinc/Desktop/codespace/color-stack-fe/pnpm-lock.yaml

 ⚠ Port 3000 is in use by process 10217, using available port 3001 instead.
   ▲ Next.js 15.5.0
   - Local:        http://localhost:3001
   - Network:      http://192.168.1.7:3001
   - Environments: .env.local, .env.development
   - Experiments (use with caution):
     ✓ optimizeCss

 ✓ Starting...
 ✓ Ready in 2.1s
 ○ Compiling / ...
 ✓ Compiled / in 3.1s (2403 modules)
 GET / 200 in 5155ms
 ⚠ The "images.domains" configuration is deprecated. Please use "images.remotePatterns" configuration instead.
 GET / 200 in 1638ms
 ⚠ Cross origin request detected from 192.168.1.7 to /_next/* resource. In a future major version of Next.js, you will need to explicitly configure "allowedDevOrigins" in next.config to allow this.
Read more: https://nextjs.org/docs/app/api-reference/config/next-config-js/allowedDevOrigins
 ○ Compiling /api/explore ...
 ✓ Compiled /api/explore in 597ms (2399 modules)
 GET /api/explore?page_size=16&page=1 200 in 1079ms
 GET / 200 in 1312ms
 ✓ Compiled /about in 295ms (2405 modules)
 GET /about 200 in 794ms
 GET / 200 in 1090ms
 GET /api/explore?page_size=16&page=1 200 in 339ms
 GET /api/explore?page_size=16&page=1 200 in 905ms
 ✓ Compiled in 310ms (837 modules)
 GET / 200 in 2186ms
 GET /api/explore?page_size=16&page=1 200 in 1223ms
 GET /api/explore?page_size=16&page=1 200 in 767ms
 ✓ Compiled in 427ms (2411 modules)
 GET / 200 in 1319ms
 ✓ Compiled /api/explore in 156ms (1582 modules)
 GET /api/explore?page_size=16&page=1 200 in 1239ms
 GET / 200 in 1249ms
 GET /api/explore?page_size=16&page=1 200 in 320ms
 ✓ Compiled in 357ms (2419 modules)
 GET / 200 in 1657ms
 GET / 200 in 1664ms
 GET /api/explore?page_size=16&page=1 200 in 305ms
 GET /api/explore?page_size=16&page=1 200 in 1086ms
 GET / 200 in 1191ms
 GET /api/explore?page_size=16&page=1 200 in 374ms
 ✓ Compiled in 503ms (2411 modules)
 GET / 200 in 1402ms
 ⨯ Error: Could not find the module "/Users/vicvinc/Desktop/codespace/color-stack-fe/node_modules/.pnpm/next@15.5.0_react-dom@19.1.1_react@19.1.1__react@19.1.1_sass@1.90.0/node_modules/next/dist/next-devtools/userspace/app/segment-explorer-node.js#SegmentViewNode" in the React Client Manifest. This is probably a bug in the React Server Components bundler.
    at stringify (<anonymous>) {
  digest: '961071616'
}
 ⨯ Error: Could not find the module "/Users/vicvinc/Desktop/codespace/color-stack-fe/node_modules/.pnpm/next@15.5.0_react-dom@19.1.1_react@19.1.1__react@19.1.1_sass@1.90.0/node_modules/next/dist/next-devtools/userspace/app/segment-explorer-node.js#SegmentViewNode" in the React Client Manifest. This is probably a bug in the React Server Components bundler.
    at stringify (<anonymous>)
    at stringify (<anonymous>) {
  digest: '2665269568'
}
 ⨯ Error: Could not find the module "/Users/vicvinc/Desktop/codespace/color-stack-fe/node_modules/.pnpm/next@15.5.0_react-dom@19.1.1_react@19.1.1__react@19.1.1_sass@1.90.0/node_modules/next/dist/next-devtools/userspace/app/segment-explorer-node.js#SegmentViewNode" in the React Client Manifest. This is probably a bug in the React Server Components bundler.
    at stringify (<anonymous>)
    at stringify (<anonymous>) {
  digest: '2665269568'
}
 ⨯ Error: Could not find the module "/Users/vicvinc/Desktop/codespace/color-stack-fe/node_modules/.pnpm/next@15.5.0_react-dom@19.1.1_react@19.1.1__react@19.1.1_sass@1.90.0/node_modules/next/dist/next-devtools/userspace/app/segment-explorer-node.js#SegmentViewNode" in the React Client Manifest. This is probably a bug in the React Server Components bundler.
    at stringify (<anonymous>)
    at stringify (<anonymous>) {
  digest: '2665269568'
}
 ⨯ Error: Could not find the module "/Users/vicvinc/Desktop/codespace/color-stack-fe/node_modules/.pnpm/next@15.5.0_react-dom@19.1.1_react@19.1.1__react@19.1.1_sass@1.90.0/node_modules/next/dist/next-devtools/userspace/app/segment-explorer-node.js#SegmentViewNode" in the React Client Manifest. This is probably a bug in the React Server Components bundler.
    at stringify (<anonymous>) {
  digest: '961071616'
}
 ⨯ Error: Could not find the module "/Users/vicvinc/Desktop/codespace/color-stack-fe/node_modules/.pnpm/next@15.5.0_react-dom@19.1.1_react@19.1.1__react@19.1.1_sass@1.90.0/node_modules/next/dist/next-devtools/userspace/app/segment-explorer-node.js#SegmentViewNode" in the React Client Manifest. This is probably a bug in the React Server Components bundler.
    at stringify (<anonymous>) {
  digest: '961071616'
}
 ⨯ [TypeError: Cannot read properties of undefined (reading 'call')] {
  digest: '4221484506'
}
 ⨯ Error: Could not find the module "/Users/vicvinc/Desktop/codespace/color-stack-fe/node_modules/.pnpm/next@15.5.0_react-dom@19.1.1_react@19.1.1__react@19.1.1_sass@1.90.0/node_modules/next/dist/next-devtools/userspace/app/segment-explorer-node.js#SegmentViewNode" in the React Client Manifest. This is probably a bug in the React Server Components bundler.
    at stringify (<anonymous>) {
  digest: '3113043224'
}
[TypeError: Cannot read properties of undefined (reading 'call')]
 ⨯ [TypeError: Cannot read properties of undefined (reading 'call')]
 ⨯ [TypeError: Cannot read properties of undefined (reading 'call')] {
  page: '/'
}
 ○ Compiling /_error ...
 ✓ Compiled /_error in 858ms (2736 modules)
Time 2.549
 GET / 500 in 2731ms
 GET / 200 in 1285ms
 GET / 200 in 1152ms
 ✓ Compiled /api/explore in 148ms (1770 modules)
 ⨯ Error: Cannot find module './61.js'
Require stack:
- /Users/vicvinc/Desktop/codespace/color-stack-fe/.next/server/webpack-runtime.js
- /Users/vicvinc/Desktop/codespace/color-stack-fe/.next/server/app/api/explore/route.js
- /Users/vicvinc/Desktop/codespace/color-stack-fe/node_modules/.pnpm/next@15.5.0_react-dom@19.1.1_react@19.1.1__react@19.1.1_sass@1.90.0/node_modules/next/dist/server/require.js
- /Users/vicvinc/Desktop/codespace/color-stack-fe/node_modules/.pnpm/next@15.5.0_react-dom@19.1.1_react@19.1.1__react@19.1.1_sass@1.90.0/node_modules/next/dist/server/load-components.js
- /Users/vicvinc/Desktop/codespace/color-stack-fe/node_modules/.pnpm/next@15.5.0_react-dom@19.1.1_react@19.1.1__react@19.1.1_sass@1.90.0/node_modules/next/dist/build/utils.js
- /Users/vicvinc/Desktop/codespace/color-stack-fe/node_modules/.pnpm/next@15.5.0_react-dom@19.1.1_react@19.1.1__react@19.1.1_sass@1.90.0/node_modules/next/dist/build/swc/options.js
- /Users/vicvinc/Desktop/codespace/color-stack-fe/node_modules/.pnpm/next@15.5.0_react-dom@19.1.1_react@19.1.1__react@19.1.1_sass@1.90.0/node_modules/next/dist/build/swc/index.js
- /Users/vicvinc/Desktop/codespace/color-stack-fe/node_modules/.pnpm/next@15.5.0_react-dom@19.1.1_react@19.1.1__react@19.1.1_sass@1.90.0/node_modules/next/dist/build/analysis/parse-module.js
- /Users/vicvinc/Desktop/codespace/color-stack-fe/node_modules/.pnpm/next@15.5.0_react-dom@19.1.1_react@19.1.1__react@19.1.1_sass@1.90.0/node_modules/next/dist/build/analysis/get-page-static-info.js
- /Users/vicvinc/Desktop/codespace/color-stack-fe/node_modules/.pnpm/next@15.5.0_react-dom@19.1.1_react@19.1.1__react@19.1.1_sass@1.90.0/node_modules/next/dist/server/lib/router-utils/setup-dev-bundler.js
- /Users/vicvinc/Desktop/codespace/color-stack-fe/node_modules/.pnpm/next@15.5.0_react-dom@19.1.1_react@19.1.1__react@19.1.1_sass@1.90.0/node_modules/next/dist/server/lib/router-server.js
- /Users/vicvinc/Desktop/codespace/color-stack-fe/node_modules/.pnpm/next@15.5.0_react-dom@19.1.1_react@19.1.1__react@19.1.1_sass@1.90.0/node_modules/next/dist/server/lib/start-server.js
    at <unknown> (.next/server/app/api/explore/route.js:7:5881)
    at Object.<anonymous> (.next/server/app/api/explore/route.js:7:5930) {
  code: 'MODULE_NOT_FOUND',
  requireStack: [Array],
  page: '/api/explore'
}
Time 1.728166
 GET /api/explore?page_size=16&page=1 500 in 492ms
 ⨯ Error: Cannot find module './61.js'
Require stack:
- /Users/vicvinc/Desktop/codespace/color-stack-fe/.next/server/webpack-runtime.js
- /Users/vicvinc/Desktop/codespace/color-stack-fe/.next/server/app/api/explore/route.js
- /Users/vicvinc/Desktop/codespace/color-stack-fe/node_modules/.pnpm/next@15.5.0_react-dom@19.1.1_react@19.1.1__react@19.1.1_sass@1.90.0/node_modules/next/dist/server/require.js
- /Users/vicvinc/Desktop/codespace/color-stack-fe/node_modules/.pnpm/next@15.5.0_react-dom@19.1.1_react@19.1.1__react@19.1.1_sass@1.90.0/node_modules/next/dist/server/load-components.js
- /Users/vicvinc/Desktop/codespace/color-stack-fe/node_modules/.pnpm/next@15.5.0_react-dom@19.1.1_react@19.1.1__react@19.1.1_sass@1.90.0/node_modules/next/dist/build/utils.js
- /Users/vicvinc/Desktop/codespace/color-stack-fe/node_modules/.pnpm/next@15.5.0_react-dom@19.1.1_react@19.1.1__react@19.1.1_sass@1.90.0/node_modules/next/dist/build/swc/options.js
- /Users/vicvinc/Desktop/codespace/color-stack-fe/node_modules/.pnpm/next@15.5.0_react-dom@19.1.1_react@19.1.1__react@19.1.1_sass@1.90.0/node_modules/next/dist/build/swc/index.js
- /Users/vicvinc/Desktop/codespace/color-stack-fe/node_modules/.pnpm/next@15.5.0_react-dom@19.1.1_react@19.1.1__react@19.1.1_sass@1.90.0/node_modules/next/dist/build/analysis/parse-module.js
- /Users/vicvinc/Desktop/codespace/color-stack-fe/node_modules/.pnpm/next@15.5.0_react-dom@19.1.1_react@19.1.1__react@19.1.1_sass@1.90.0/node_modules/next/dist/build/analysis/get-page-static-info.js
- /Users/vicvinc/Desktop/codespace/color-stack-fe/node_modules/.pnpm/next@15.5.0_react-dom@19.1.1_react@19.1.1__react@19.1.1_sass@1.90.0/node_modules/next/dist/server/lib/router-utils/setup-dev-bundler.js
- /Users/vicvinc/Desktop/codespace/color-stack-fe/node_modules/.pnpm/next@15.5.0_react-dom@19.1.1_react@19.1.1__react@19.1.1_sass@1.90.0/node_modules/next/dist/server/lib/router-server.js
- /Users/vicvinc/Desktop/codespace/color-stack-fe/node_modules/.pnpm/next@15.5.0_react-dom@19.1.1_react@19.1.1__react@19.1.1_sass@1.90.0/node_modules/next/dist/server/lib/start-server.js
    at <unknown> (.next/server/app/api/explore/route.js:7:5881)
    at Object.<anonymous> (.next/server/app/api/explore/route.js:7:5930) {
  code: 'MODULE_NOT_FOUND',
  requireStack: [Array],
  page: '/api/explore'
}
Time 1.257125
 GET /api/explore?page_size=16&page=1 500 in 245ms
 ⨯ Error: Cannot find module './61.js'
Require stack:
- /Users/vicvinc/Desktop/codespace/color-stack-fe/.next/server/webpack-runtime.js
- /Users/vicvinc/Desktop/codespace/color-stack-fe/.next/server/app/api/explore/route.js
- /Users/vicvinc/Desktop/codespace/color-stack-fe/node_modules/.pnpm/next@15.5.0_react-dom@19.1.1_react@19.1.1__react@19.1.1_sass@1.90.0/node_modules/next/dist/server/require.js
- /Users/vicvinc/Desktop/codespace/color-stack-fe/node_modules/.pnpm/next@15.5.0_react-dom@19.1.1_react@19.1.1__react@19.1.1_sass@1.90.0/node_modules/next/dist/server/load-components.js
- /Users/vicvinc/Desktop/codespace/color-stack-fe/node_modules/.pnpm/next@15.5.0_react-dom@19.1.1_react@19.1.1__react@19.1.1_sass@1.90.0/node_modules/next/dist/build/utils.js
- /Users/vicvinc/Desktop/codespace/color-stack-fe/node_modules/.pnpm/next@15.5.0_react-dom@19.1.1_react@19.1.1__react@19.1.1_sass@1.90.0/node_modules/next/dist/build/swc/options.js
- /Users/vicvinc/Desktop/codespace/color-stack-fe/node_modules/.pnpm/next@15.5.0_react-dom@19.1.1_react@19.1.1__react@19.1.1_sass@1.90.0/node_modules/next/dist/build/swc/index.js
- /Users/vicvinc/Desktop/codespace/color-stack-fe/node_modules/.pnpm/next@15.5.0_react-dom@19.1.1_react@19.1.1__react@19.1.1_sass@1.90.0/node_modules/next/dist/build/analysis/parse-module.js
- /Users/vicvinc/Desktop/codespace/color-stack-fe/node_modules/.pnpm/next@15.5.0_react-dom@19.1.1_react@19.1.1__react@19.1.1_sass@1.90.0/node_modules/next/dist/build/analysis/get-page-static-info.js
- /Users/vicvinc/Desktop/codespace/color-stack-fe/node_modules/.pnpm/next@15.5.0_react-dom@19.1.1_react@19.1.1__react@19.1.1_sass@1.90.0/node_modules/next/dist/server/lib/router-utils/setup-dev-bundler.js
- /Users/vicvinc/Desktop/codespace/color-stack-fe/node_modules/.pnpm/next@15.5.0_react-dom@19.1.1_react@19.1.1__react@19.1.1_sass@1.90.0/node_modules/next/dist/server/lib/router-server.js
- /Users/vicvinc/Desktop/codespace/color-stack-fe/node_modules/.pnpm/next@15.5.0_react-dom@19.1.1_react@19.1.1__react@19.1.1_sass@1.90.0/node_modules/next/dist/server/lib/start-server.js
    at <unknown> (.next/server/app/api/explore/route.js:7:5881)
    at Object.<anonymous> (.next/server/app/api/explore/route.js:7:5930) {
  code: 'MODULE_NOT_FOUND',
  requireStack: [Array],
  page: '/api/explore'
}
Time 2.058083
 GET /api/explore?page_size=16&page=1 500 in 253ms
 ✓ Compiled /home in 375ms (2745 modules)
 GET / 200 in 2137ms
 GET /home 200 in 1537ms
 GET / 200 in 1524ms
 GET / 200 in 1639ms
 ✓ Compiled /_not-found in 384ms (2750 modules)
 GET / 404 in 521ms
 GET / 200 in 471ms
 GET / 200 in 2198ms
 ✓ Compiled in 1041ms (2670 modules)
 ✓ Compiled in 1028ms (2657 modules)
 ✓ Compiled in 385ms (2657 modules)
 ✓ Compiled in 323ms (2657 modules)
 ✓ Compiled in 320ms (2657 modules)
 ✓ Compiled in 386ms (987 modules)
 ✓ Compiled in 222ms (987 modules)
 ✓ Compiled in 177ms (987 modules)
 ✓ Compiled in 145ms (987 modules)
 ○ Compiling /color-sets ...
 ✓ Compiled /color-sets in 957ms (2659 modules)
 ⨯ Error: ENOENT: no such file or directory, open '/Users/vicvinc/Desktop/codespace/color-stack-fe/.next/server/vendor-chunks/next@15.5.0_react-dom@19.1.1_react@19.1.1__react@19.1.1_sass@1.90.0.js'
    at <unknown> (.next/server/app/color-sets/page.js:709:47)
    at Object.<anonymous> (.next/server/app/color-sets/page.js:712:3) {
  errno: -2,
  code: 'ENOENT',
  syscall: 'open',
  path: '/Users/vicvinc/Desktop/codespace/color-stack-fe/.next/server/vendor-chunks/next@15.5.0_react-dom@19.1.1_react@19.1.1__react@19.1.1_sass@1.90.0.js',
  page: '/color-sets'
}
 ✓ Compiled /_error in 476ms (2752 modules)
 ⨯ Error: Cannot find module './187.js'
Require stack:
- /Users/vicvinc/Desktop/codespace/color-stack-fe/.next/server/webpack-runtime.js
- /Users/vicvinc/Desktop/codespace/color-stack-fe/.next/server/pages/_document.js
- /Users/vicvinc/Desktop/codespace/color-stack-fe/node_modules/.pnpm/next@15.5.0_react-dom@19.1.1_react@19.1.1__react@19.1.1_sass@1.90.0/node_modules/next/dist/server/require.js
- /Users/vicvinc/Desktop/codespace/color-stack-fe/node_modules/.pnpm/next@15.5.0_react-dom@19.1.1_react@19.1.1__react@19.1.1_sass@1.90.0/node_modules/next/dist/server/load-components.js
- /Users/vicvinc/Desktop/codespace/color-stack-fe/node_modules/.pnpm/next@15.5.0_react-dom@19.1.1_react@19.1.1__react@19.1.1_sass@1.90.0/node_modules/next/dist/build/utils.js
- /Users/vicvinc/Desktop/codespace/color-stack-fe/node_modules/.pnpm/next@15.5.0_react-dom@19.1.1_react@19.1.1__react@19.1.1_sass@1.90.0/node_modules/next/dist/build/swc/options.js
- /Users/vicvinc/Desktop/codespace/color-stack-fe/node_modules/.pnpm/next@15.5.0_react-dom@19.1.1_react@19.1.1__react@19.1.1_sass@1.90.0/node_modules/next/dist/build/swc/index.js
- /Users/vicvinc/Desktop/codespace/color-stack-fe/node_modules/.pnpm/next@15.5.0_react-dom@19.1.1_react@19.1.1__react@19.1.1_sass@1.90.0/node_modules/next/dist/build/analysis/parse-module.js
- /Users/vicvinc/Desktop/codespace/color-stack-fe/node_modules/.pnpm/next@15.5.0_react-dom@19.1.1_react@19.1.1__react@19.1.1_sass@1.90.0/node_modules/next/dist/build/analysis/get-page-static-info.js
- /Users/vicvinc/Desktop/codespace/color-stack-fe/node_modules/.pnpm/next@15.5.0_react-dom@19.1.1_react@19.1.1__react@19.1.1_sass@1.90.0/node_modules/next/dist/server/lib/router-utils/setup-dev-bundler.js
- /Users/vicvinc/Desktop/codespace/color-stack-fe/node_modules/.pnpm/next@15.5.0_react-dom@19.1.1_react@19.1.1__react@19.1.1_sass@1.90.0/node_modules/next/dist/server/lib/router-server.js
- /Users/vicvinc/Desktop/codespace/color-stack-fe/node_modules/.pnpm/next@15.5.0_react-dom@19.1.1_react@19.1.1__react@19.1.1_sass@1.90.0/node_modules/next/dist/server/lib/start-server.js
    at <unknown> (.next/server/pages/_document.js:1:325)
    at Object.<anonymous> (.next/server/pages/_document.js:1:370) {
  code: 'MODULE_NOT_FOUND',
  requireStack: [Array]
}
Time 2.28775
 GET /color-sets 500 in 2086ms
 ✓ Compiled /home in 188ms (1773 modules)
 GET /home 200 in 1963ms
 ✓ Compiled in 765ms (2663 modules)
 ✓ Compiled in 324ms (2663 modules)
 ✓ Compiled in 156ms (993 modules)
 ✓ Compiled in 149ms (993 modules)
 ✓ Compiled in 215ms (993 modules)
<w> [webpack.cache.PackFileCacheStrategy] Caching failed for pack: Error: ENOENT: no such file or directory, rename '/Users/vicvinc/Desktop/codespace/color-stack-fe/.next/cache/webpack/client-development/2.pack.gz_' -> '/Users/vicvinc/Desktop/codespace/color-stack-fe/.next/cache/webpack/client-development/2.pack.gz'
 ✓ Compiled in 192ms (993 modules)
<w> [webpack.cache.PackFileCacheStrategy] Caching failed for pack: Error: ENOENT: no such file or directory, rename '/Users/vicvinc/Desktop/codespace/color-stack-fe/.next/cache/webpack/client-development/0.pack.gz_' -> '/Users/vicvinc/Desktop/codespace/color-stack-fe/.next/cache/webpack/client-development/0.pack.gz'
 ✓ Compiled in 185ms (993 modules)
 ✓ Compiled in 162ms (993 modules)
 ✓ Compiled in 263ms (993 modules)
 ✓ Compiled in 274ms (993 modules)
 ✓ Compiled in 184ms (993 modules)
 ✓ Compiled in 218ms (993 modules)
 ✓ Compiled in 143ms (993 modules)
 ✓ Compiled in 226ms (993 modules)
 ✓ Compiled in 154ms (993 modules)
<w> [webpack.cache.PackFileCacheStrategy] Caching failed for pack: Error: ENOENT: no such file or directory, rename '/Users/vicvinc/Desktop/codespace/color-stack-fe/.next/cache/webpack/client-development/3.pack.gz_' -> '/Users/vicvinc/Desktop/codespace/color-stack-fe/.next/cache/webpack/client-development/3.pack.gz'
 ✓ Compiled in 169ms (993 modules)
 ✓ Compiled in 164ms (993 modules)
 ✓ Compiled in 161ms (993 modules)
 ✓ Compiled in 142ms (993 modules)
 ✓ Compiled in 163ms (993 modules)
 ✓ Compiled in 156ms (993 modules)
 ✓ Compiled in 160ms (993 modules)
 ✓ Compiled in 162ms (993 modules)
<w> [webpack.cache.PackFileCacheStrategy] Caching failed for pack: Error: ENOENT: no such file or directory, rename '/Users/vicvinc/Desktop/codespace/color-stack-fe/.next/cache/webpack/client-development/0.pack.gz_' -> '/Users/vicvinc/Desktop/codespace/color-stack-fe/.next/cache/webpack/client-development/0.pack.gz'
 ✓ Compiled in 167ms (993 modules)
 ✓ Compiled in 154ms (993 modules)
 ✓ Compiled in 155ms (993 modules)
 ✓ Compiled in 174ms (993 modules)
 ✓ Compiled in 138ms (993 modules)
<w> [webpack.cache.PackFileCacheStrategy] Caching failed for pack: Error: ENOENT: no such file or directory, rename '/Users/vicvinc/Desktop/codespace/color-stack-fe/.next/cache/webpack/client-development/0.pack.gz_' -> '/Users/vicvinc/Desktop/codespace/color-stack-fe/.next/cache/webpack/client-development/0.pack.gz'
 ✓ Compiled in 174ms (993 modules)
 ✓ Compiled in 157ms (993 modules)
<w> [webpack.cache.PackFileCacheStrategy] Caching failed for pack: Error: ENOENT: no such file or directory, rename '/Users/vicvinc/Desktop/codespace/color-stack-fe/.next/cache/webpack/client-development/0.pack.gz_' -> '/Users/vicvinc/Desktop/codespace/color-stack-fe/.next/cache/webpack/client-development/0.pack.gz'
 ✓ Compiled in 287ms (993 modules)
<w> [webpack.cache.PackFileCacheStrategy] Caching failed for pack: Error: ENOENT: no such file or directory, rename '/Users/vicvinc/Desktop/codespace/color-stack-fe/.next/cache/webpack/client-development/0.pack.gz_' -> '/Users/vicvinc/Desktop/codespace/color-stack-fe/.next/cache/webpack/client-development/0.pack.gz'
 ✓ Compiled in 917ms (2663 modules)
 ✓ Compiled in 233ms (993 modules)
 ✓ Compiled in 187ms (993 modules)
 ✓ Compiled in 1095ms (2676 modules)
 ✓ Compiled in 158ms (993 modules)
 ✓ Compiled in 474ms (2663 modules)
 ✓ Compiled in 321ms (2663 modules)
 ✓ Compiled in 285ms (2663 modules)
 ✓ Compiled in 254ms (993 modules)
 ✓ Compiled in 454ms (2663 modules)
<w> [webpack.cache.PackFileCacheStrategy] Caching failed for pack: Error: ENOENT: no such file or directory, rename '/Users/vicvinc/Desktop/codespace/color-stack-fe/.next/cache/webpack/client-development/0.pack.gz_' -> '/Users/vicvinc/Desktop/codespace/color-stack-fe/.next/cache/webpack/client-development/0.pack.gz'
 ✓ Compiled in 339ms (2663 modules)
 ✓ Compiled in 315ms (2663 modules)
 ✓ Compiled in 175ms (993 modules)
[?25h
